Base path: 'C:/Program Files/Unity/Hub/Editor/2019.3.0f6/Editor/Data', plugins path 'C:/Program Files/Unity/Hub/Editor/2019.3.0f6/Editor/Data/PlaybackEngines'
Cmd: initializeCompiler
Cmd: compileComputeKernel
  api=4 insize=7985 outsize=1416 ok=1
Cmd: compileComputeKernel
  api=4 insize=4264 outsize=1831 ok=1
Cmd: compileComputeKernel
  api=4 insize=21333 outsize=1564 ok=1
Cmd: compileComputeKernel
  api=4 insize=21333 outsize=1574 ok=1
Cmd: compileComputeKernel
  api=4 insize=21333 outsize=1616 ok=1
Cmd: compileComputeKernel
  api=4 insize=21333 outsize=1344 ok=1
Cmd: compileComputeKernel
  api=4 insize=21333 outsize=1831 ok=1
Cmd: compileComputeKernel
  api=4 insize=2595 outsize=226 ok=1
Cmd: compileComputeKernel
  api=4 insize=14905 outsize=1306 ok=1
Cmd: compileComputeKernel
  api=4 insize=14905 outsize=1368 ok=1
Cmd: compileComputeKernel
  api=4 insize=14905 outsize=1281 ok=1
Cmd: compileComputeKernel
  api=4 insize=14905 outsize=1699 ok=1

Quitting shader compiler process
