Base path: 'C:/Program Files/Unity/Hub/Editor/2019.3.0f6/Editor/Data', plugins path 'C:/Program Files/Unity/Hub/Editor/2019.3.0f6/Editor/Data/PlaybackEngines'
Cmd: initializeCompiler
Cmd: compileComputeKernel
  api=4 insize=7985 outsize=1789 ok=1
Cmd: compileComputeKernel
  api=4 insize=4264 outsize=1835 ok=1
Cmd: compileComputeKernel
  api=4 insize=21333 outsize=2014 ok=1
Cmd: compileComputeKernel
  api=4 insize=21333 outsize=2973 ok=1
Cmd: compileComputeKernel
  api=4 insize=21333 outsize=1831 ok=1
Cmd: compileComputeKernel
  api=4 insize=14905 outsize=1449 ok=1
Cmd: compileComputeKernel
  api=4 insize=14905 outsize=1345 ok=1
Cmd: compileComputeKernel
  api=4 insize=14905 outsize=1344 ok=1
Cmd: compileComputeKernel
  api=4 insize=10663 outsize=5548 ok=1

Quitting shader compiler process
