Base path: 'C:/Program Files/Unity/Hub/Editor/2019.3.0f6/Editor/Data', plugins path 'C:/Program Files/Unity/Hub/Editor/2019.3.0f6/Editor/Data/PlaybackEngines'
Cmd: initializeCompiler
Cmd: compileComputeKernel
  api=4 insize=7985 outsize=1564 ok=1
Cmd: compileComputeKernel
  api=4 insize=4264 outsize=1831 ok=1
Cmd: compileComputeKernel
  api=4 insize=21333 outsize=2690 ok=1
Cmd: compileComputeKernel
  api=4 insize=21333 outsize=1450 ok=1
Cmd: compileComputeKernel
  api=4 insize=21333 outsize=1835 ok=1
Cmd: compileComputeKernel
  api=4 insize=14905 outsize=1286 ok=1
Cmd: compileComputeKernel
  api=4 insize=14905 outsize=1305 ok=1
Cmd: compileComputeKernel
  api=4 insize=14905 outsize=1273 ok=1
Cmd: compileComputeKernel
  api=4 insize=14905 outsize=1616 ok=1

Quitting shader compiler process
